\BOOKMARK [0][-]{cover.0}{封面}{}% 1
\BOOKMARK [0][-]{originalitydeclaration.0}{独创性声明}{}% 2
\BOOKMARK [0][-]{chineseabstract.0}{中文摘要}{}% 3
\BOOKMARK [0][-]{chapter*.1}{摘要}{}% 4
\BOOKMARK [0][-]{englishabstract.0}{英文摘要}{}% 5
\BOOKMARK [0][-]{chapter*.2}{ABSTRACT}{}% 6
\BOOKMARK [0][-]{chapter*.3}{插图索引}{}% 7
\BOOKMARK [0][-]{chapter*.4}{表格索引}{}% 8
\BOOKMARK [0][-]{chapter*.4}{缩略语对照表}{}% 9
\BOOKMARK [0][-]{glossary.0}{缩略语对照表}{}% 10
\BOOKMARK [0][-]{chapter*.5}{符号对照表}{}% 11
\BOOKMARK [0][-]{glossary.0}{符号对照表}{}% 12
\BOOKMARK [0][-]{toc.0}{目录}{}% 13
\BOOKMARK [0][-]{chapter.1}{第一章 绪 论}{}% 14
\BOOKMARK [1][-]{section.1.1}{1.1 研究工作的背景与意义}{chapter.1}% 15
\BOOKMARK [1][-]{section.1.2}{1.2 时域积分方程方法的国内外研究历史与现状}{chapter.1}% 16
\BOOKMARK [1][-]{section.1.3}{1.3 本文的主要贡献与创新}{chapter.1}% 17
\BOOKMARK [1][-]{section.1.4}{1.4 本论文的结构安排}{chapter.1}% 18
\BOOKMARK [0][-]{chapter.2}{第二章 时域积分方程基础}{}% 19
\BOOKMARK [1][-]{section.2.1}{2.1 时域积分方程的类型}{chapter.2}% 20
\BOOKMARK [1][-]{section.2.2}{2.2 空间基函数与时间基函数}{chapter.2}% 21
\BOOKMARK [2][-]{subsection.2.2.1}{2.2.1 空间基函数}{section.2.2}% 22
\BOOKMARK [2][-]{subsection.2.2.2}{2.2.2 时间基函数}{section.2.2}% 23
\BOOKMARK [3][-]{subsubsection.2.2.2.1}{2.2.2.1 时域方法特有的展开函数}{subsection.2.2.2}% 24
\BOOKMARK [3][-]{subsubsection.2.2.2.2}{2.2.2.2 频域方法特有的展开函数}{subsection.2.2.2}% 25
\BOOKMARK [1][-]{section.2.3}{2.3 入射波}{chapter.2}% 26
\BOOKMARK [1][-]{section.2.4}{2.4 本章小结}{chapter.2}% 27
\BOOKMARK [0][-]{chapter.3}{第三章 时域积分方程数值方法研究}{}% 28
\BOOKMARK [1][-]{section.3.1}{3.1 时域积分方程时间步进算法的阻抗元素精确计算}{chapter.3}% 29
\BOOKMARK [2][-]{subsection.3.1.1}{3.1.1 时域积分方程时间步进算法产生的阻抗矩阵的特征}{section.3.1}% 30
\BOOKMARK [2][-]{subsection.3.1.2}{3.1.2 数值算例与分析}{section.3.1}% 31
\BOOKMARK [1][-]{section.3.2}{3.2 时域积分方程时间步进算法矩阵方程的求解}{chapter.3}% 32
\BOOKMARK [1][-]{section.3.3}{3.3 本章小结}{chapter.3}% 33
\BOOKMARK [0][-]{chapter.4}{第四章 时域积分方程数值方法研究}{}% 34
\BOOKMARK [1][-]{section.4.1}{4.1 时域积分方程时间步进算法的阻抗元素精确计算}{chapter.4}% 35
\BOOKMARK [1][-]{section.4.2}{4.2 时域积分方程时间步进算法阻抗矩阵的存储}{chapter.4}% 36
\BOOKMARK [2][-]{subsection.4.2.1}{4.2.1 时域积分方程时间步进算法产生的阻抗矩阵的特征}{section.4.2}% 37
\BOOKMARK [2][-]{subsection.4.2.2}{4.2.2 数值算例与分析}{section.4.2}% 38
\BOOKMARK [1][-]{section.4.3}{4.3 时域积分方程时间步进算法矩阵方程的求解}{chapter.4}% 39
\BOOKMARK [1][-]{section.4.4}{4.4 本章小结}{chapter.4}% 40
\BOOKMARK [0][-]{chapter.5}{第五章 全文总结与展望}{}% 41
\BOOKMARK [1][-]{section.5.1}{5.1 全文总结}{chapter.5}% 42
\BOOKMARK [1][-]{section.5.2}{5.2 后续工作展望}{chapter.5}% 43
\BOOKMARK [0][-]{appendix.A}{附录A 中心极限定理的证明}{}% 44
\BOOKMARK [1][-]{section.A.1}{A.1 高斯分布和伯努利实验}{appendix.A}% 45
\BOOKMARK [0][-]{appendix*.12}{参考文献}{}% 46
\BOOKMARK [0][-]{appendix*.13}{致 谢}{}% 47
\BOOKMARK [0][-]{appendix*.14}{作者简介}{}% 48
\BOOKMARK [1][-]{section.A.1}{1 基本情况}{appendix*.14}% 49
\BOOKMARK [1][-]{section.A.2}{2 教育背景}{appendix*.14}% 50
\BOOKMARK [1][-]{section.A.3}{3 攻读硕士学位期间的研究成果}{appendix*.14}% 51
\BOOKMARK [2][-]{subsection.A.3.1}{3.1 发表的学术论文}{section.A.3}% 52
\BOOKMARK [2][-]{subsection.A.3.2}{3.2 发明专利和科研情况}{section.A.3}% 53
