\BOOKMARK [0][-]{section*.1}{摘要}{}% 1
\BOOKMARK [0][-]{section*.3}{ABSTRACT}{}% 2
\BOOKMARK [0][-]{section*.5}{插图索引}{}% 3
\BOOKMARK [0][-]{section*.7}{表格索引}{}% 4
\BOOKMARK [0][-]{section*.9}{符号对照表}{}% 5
\BOOKMARK [0][-]{section*.11}{缩略语对照表}{}% 6
\BOOKMARK [0][-]{chapter.1}{第一章  绪 论}{}% 7
\BOOKMARK [1][-]{section.1.1}{1.1 密码学：历史，现在，未来}{chapter.1}% 8
\BOOKMARK [1][-]{section.1.2}{1.2 超晶格密钥分发}{chapter.1}% 9
\BOOKMARK [2][-]{subsection.1.2.1}{1.2.1 超晶格研究历史}{section.1.2}% 10
\BOOKMARK [2][-]{subsection.1.2.2}{1.2.2 超晶格物理不可克隆孪生机理}{section.1.2}% 11
\BOOKMARK [2][-]{subsection.1.2.3}{1.2.3 基于孪生超晶格的密钥分发方案}{section.1.2}% 12
\BOOKMARK [1][-]{section.1.3}{1.3 论文主要工作与结构安排}{chapter.1}% 13
\BOOKMARK [2][-]{subsection.1.3.1}{1.3.1 主要工作}{section.1.3}% 14
\BOOKMARK [2][-]{subsection.1.3.2}{1.3.2 结构安排}{section.1.3}% 15
\BOOKMARK [0][-]{chapter.2}{第二章  超晶格密钥分发后处理算法基础}{}% 16
\BOOKMARK [1][-]{section.2.1}{2.1 熵}{chapter.2}% 17
\BOOKMARK [1][-]{section.2.2}{2.2 信道编码基础}{chapter.2}% 18
\BOOKMARK [2][-]{subsection.2.2.1}{2.2.1 纠错码介绍}{section.2.2}% 19
\BOOKMARK [2][-]{subsection.2.2.2}{2.2.2 信道模型}{section.2.2}% 20
\BOOKMARK [2][-]{subsection.2.2.3}{2.2.3 BCH码}{section.2.2}% 21
\BOOKMARK [2][-]{subsection.2.2.4}{2.2.4 LDPC码}{section.2.2}% 22
\BOOKMARK [2][-]{subsection.2.2.5}{2.2.5 Polar码}{section.2.2}% 23
\BOOKMARK [1][-]{section.2.3}{2.3 提取器基础知识}{chapter.2}% 24
\BOOKMARK [2][-]{subsection.2.3.1}{2.3.1 强提取器和统计距离}{section.2.3}% 25
\BOOKMARK [2][-]{subsection.2.3.2}{2.3.2 一致哈希函数}{section.2.3}% 26
\BOOKMARK [1][-]{section.2.4}{2.4 本章小结}{chapter.2}% 27
\BOOKMARK [0][-]{chapter.3}{第三章  后处理方案改进及高精准序列同步算法研究}{}% 28
\BOOKMARK [1][-]{section.3.1}{3.1 在线序列同步技术}{chapter.3}% 29
\BOOKMARK [2][-]{subsection.3.1.1}{3.1.1 原理方案}{section.3.1}% 30
\BOOKMARK [2][-]{subsection.3.1.2}{3.1.2 实验结果与分析}{section.3.1}% 31
\BOOKMARK [1][-]{section.3.2}{3.2 高精准离线序列同步技术}{chapter.3}% 32
\BOOKMARK [2][-]{subsection.3.2.1}{3.2.1 原理方案}{section.3.2}% 33
\BOOKMARK [2][-]{subsection.3.2.2}{3.2.2 实验结果与分析}{section.3.2}% 34
\BOOKMARK [1][-]{section.3.3}{3.3 超晶格密钥分发协议实现方案改进}{chapter.3}% 35
\BOOKMARK [1][-]{section.3.4}{3.4 本章小结}{chapter.3}% 36
\BOOKMARK [0][-]{chapter.4}{第四章  高吞吐率的信息调同算法研究}{}% 37
\BOOKMARK [1][-]{section.4.1}{4.1 信息调同问题模型}{chapter.4}% 38
\BOOKMARK [1][-]{section.4.2}{4.2 基于BCH码的高速纠错方案}{chapter.4}% 39
\BOOKMARK [2][-]{subsection.4.2.1}{4.2.1 编译码方案}{section.4.2}% 40
\BOOKMARK [2][-]{subsection.4.2.2}{4.2.2 实验结果与分析}{section.4.2}% 41
\BOOKMARK [1][-]{section.4.3}{4.3 基于LDPC码的高速纠错方案}{chapter.4}% 42
\BOOKMARK [2][-]{subsection.4.3.1}{4.3.1 编译码方案}{section.4.3}% 43
\BOOKMARK [2][-]{subsection.4.3.2}{4.3.2 实验结果与分析}{section.4.3}% 44
\BOOKMARK [1][-]{section.4.4}{4.4 基于Polar码的高速纠错方案}{chapter.4}% 45
\BOOKMARK [2][-]{subsection.4.4.1}{4.4.1 编译码方案}{section.4.4}% 46
\BOOKMARK [2][-]{subsection.4.4.2}{4.4.2 实验结果与分析}{section.4.4}% 47
\BOOKMARK [1][-]{section.4.5}{4.5 分析比较}{chapter.4}% 48
\BOOKMARK [1][-]{section.4.6}{4.6 本章小结}{chapter.4}% 49
\BOOKMARK [0][-]{chapter.5}{第五章  信息论安全的保密增强算法研究}{}% 50
\BOOKMARK [1][-]{section.5.1}{5.1 保密增强问题模型}{chapter.5}% 51
\BOOKMARK [1][-]{section.5.2}{5.2 极小熵评估}{chapter.5}% 52
\BOOKMARK [2][-]{subsection.5.2.1}{5.2.1 定义和假设}{section.5.2}% 53
\BOOKMARK [2][-]{subsection.5.2.2}{5.2.2 基于超晶格PUF的随机模型}{section.5.2}% 54
\BOOKMARK [2][-]{subsection.5.2.3}{5.2.3 极小熵结果与分析}{section.5.2}% 55
\BOOKMARK [1][-]{section.5.3}{5.3 保密增强算法实现方案}{chapter.5}% 56
\BOOKMARK [2][-]{subsection.5.3.1}{5.3.1 输出密钥长度估算}{section.5.3}% 57
\BOOKMARK [2][-]{subsection.5.3.2}{5.3.2 LFSR-Toeplitz提取器}{section.5.3}% 58
\BOOKMARK [2][-]{subsection.5.3.3}{5.3.3 基于FFT的加速方案}{section.5.3}% 59
\BOOKMARK [2][-]{subsection.5.3.4}{5.3.4 实验结果}{section.5.3}% 60
\BOOKMARK [1][-]{section.5.4}{5.4 本章小结}{chapter.5}% 61
\BOOKMARK [0][-]{chapter.6}{第六章  异地实时超晶格密钥分发实验}{}% 62
\BOOKMARK [1][-]{section.6.1}{6.1 系统架构}{chapter.6}% 63
\BOOKMARK [1][-]{section.6.2}{6.2 分模块}{chapter.6}% 64
\BOOKMARK [2][-]{subsection.6.2.1}{6.2.1 驱动层}{section.6.2}% 65
\BOOKMARK [2][-]{subsection.6.2.2}{6.2.2 功能组件层}{section.6.2}% 66
\BOOKMARK [2][-]{subsection.6.2.3}{6.2.3 业务逻辑层}{section.6.2}% 67
\BOOKMARK [1][-]{section.6.3}{6.3 北京–长沙异地实时超晶格密钥分发实验}{chapter.6}% 68
\BOOKMARK [1][-]{section.6.4}{6.4 本章小结}{chapter.6}% 69
\BOOKMARK [0][-]{chapter.7}{第七章  全文总结与展望}{}% 70
\BOOKMARK [1][-]{section.7.1}{7.1 全文总结}{chapter.7}% 71
\BOOKMARK [1][-]{section.7.2}{7.2 后续工作展望}{chapter.7}% 72
\BOOKMARK [0][-]{section*.17}{参考文献}{}% 73
\BOOKMARK [0][-]{section*.19}{致谢}{}% 74
\BOOKMARK [0][-]{section*.21}{作者简介}{}% 75
